app/build/intermediates/manifest_merge_blame_file/debug/manifest-merger-blame-debug-report 2.txt
1<?xml version="1.0" encoding="utf-8"?>
2<manifest xmlns:android="http://schemas.android.com/apk/res/android"
3    package="com.arogyaniidhi.app"
4    android:versionCode="1"
5    android:versionName="1.0" >
6
7    <uses-sdk
8        android:minSdkVersion="24"
9        android:targetSdkVersion="34" />
10
11    <uses-permission android:name="android.permission.INTERNET" />
11-->src/main/AndroidManifest.xml:4:5-67
11-->src/main/AndroidManifest.xml:4:22-64
12    <uses-permission android:name="android.permission.ACCESS_FINE_LOCATION" />
12-->src/main/AndroidManifest.xml:5:5-79
12-->src/main/AndroidManifest.xml:5:22-76
13    <uses-permission android:name="android.permission.ACCESS_COARSE_LOCATION" />
13-->src/main/AndroidManifest.xml:6:5-81
13-->src/main/AndroidManifest.xml:6:22-78
14
15    <permission
15-->[androidx.core:core:1.12.0] AndroidManifest.xml:22:5-24:47
16        android:name="com.arogyaniidhi.app.DYNAMIC_RECEIVER_NOT_EXPORTED_PERMISSION"
16-->[androidx.core:core:1.12.0] AndroidManifest.xml:23:9-81
17        android:protectionLevel="signature" />
17-->[androidx.core:core:1.12.0] AndroidManifest.xml:24:9-44
18
19    <uses-permission android:name="com.arogyaniidhi.app.DYNAMIC_RECEIVER_NOT_EXPORTED_PERMISSION" />
19-->[androidx.core:core:1.12.0] AndroidManifest.xml:26:5-97
19-->[androidx.core:core:1.12.0] AndroidManifest.xml:26:22-94
20
21    <application
21-->src/main/AndroidManifest.xml:8:5-23:19
22        android:allowBackup="true"
22-->src/main/AndroidManifest.xml:9:9-35
23        android:appComponentFactory="androidx.core.app.CoreComponentFactory"
23-->[androidx.core:core:1.12.0] AndroidManifest.xml:28:18-86
24        android:debuggable="true"
25        android:extractNativeLibs="false"
26        android:icon="@mipmap/ic_launcher"
26-->src/main/AndroidManifest.xml:10:9-43
27        android:label="@string/app_name"
27-->src/main/AndroidManifest.xml:11:9-41
28        android:roundIcon="@mipmap/ic_launcher_round"
28-->src/main/AndroidManifest.xml:12:9-54
29        android:supportsRtl="true"
29-->src/main/AndroidManifest.xml:13:9-35
30        android:testOnly="true"
31        android:theme="@style/Theme.ArogyaNidhi" >
31-->src/main/AndroidManifest.xml:14:9-49
32        <activity
32-->src/main/AndroidManifest.xml:15:9-22:20
33            android:name="com.arogyaniidhi.app.ui.MainActivity"
33-->src/main/AndroidManifest.xml:16:13-44
34            android:exported="true" >
34-->src/main/AndroidManifest.xml:17:13-36
35            <intent-filter>
35-->src/main/AndroidManifest.xml:18:13-21:29
36                <action android:name="android.intent.action.MAIN" />
36-->src/main/AndroidManifest.xml:19:17-69
36-->src/main/AndroidManifest.xml:19:25-66
37
38                <category android:name="android.intent.category.LAUNCHER" />
38-->src/main/AndroidManifest.xml:20:17-77
38-->src/main/AndroidManifest.xml:20:27-74
39            </intent-filter>
40        </activity>
41
42        <provider
42-->[androidx.emoji2:emoji2:1.2.0] AndroidManifest.xml:24:9-32:20
43            android:name="androidx.startup.InitializationProvider"
43-->[androidx.emoji2:emoji2:1.2.0] AndroidManifest.xml:25:13-67
44            android:authorities="com.arogyaniidhi.app.androidx-startup"
44-->[androidx.emoji2:emoji2:1.2.0] AndroidManifest.xml:26:13-68
45            android:exported="false" >
45-->[androidx.emoji2:emoji2:1.2.0] AndroidManifest.xml:27:13-37
46            <meta-data
46-->[androidx.emoji2:emoji2:1.2.0] AndroidManifest.xml:29:13-31:52
47                android:name="androidx.emoji2.text.EmojiCompatInitializer"
47-->[androidx.emoji2:emoji2:1.2.0] AndroidManifest.xml:30:17-75
48                android:value="androidx.startup" />
48-->[androidx.emoji2:emoji2:1.2.0] AndroidManifest.xml:31:17-49
49            <meta-data
49-->[androidx.lifecycle:lifecycle-process:2.7.0] AndroidManifest.xml:29:13-31:52
50                android:name="androidx.lifecycle.ProcessLifecycleInitializer"
50-->[androidx.lifecycle:lifecycle-process:2.7.0] AndroidManifest.xml:30:17-78
51                android:value="androidx.startup" />
51-->[androidx.lifecycle:lifecycle-process:2.7.0] AndroidManifest.xml:31:17-49
52            <meta-data
52-->[androidx.profileinstaller:profileinstaller:1.3.0] AndroidManifest.xml:29:13-31:52
53                android:name="androidx.profileinstaller.ProfileInstallerInitializer"
53-->[androidx.profileinstaller:profileinstaller:1.3.0] AndroidManifest.xml:30:17-85
54                android:value="androidx.startup" />
54-->[androidx.profileinstaller:profileinstaller:1.3.0] AndroidManifest.xml:31:17-49
55        </provider>
56
57        <uses-library
57-->[androidx.window:window:1.0.0] AndroidManifest.xml:25:9-27:40
58            android:name="androidx.window.extensions"
58-->[androidx.window:window:1.0.0] AndroidManifest.xml:26:13-54
59            android:required="false" />
59-->[androidx.window:window:1.0.0] AndroidManifest.xml:27:13-37
60        <uses-library
60-->[androidx.window:window:1.0.0] AndroidManifest.xml:28:9-30:40
61            android:name="androidx.window.sidecar"
61-->[androidx.window:window:1.0.0] AndroidManifest.xml:29:13-51
62            android:required="false" />
62-->[androidx.window:window:1.0.0] AndroidManifest.xml:30:13-37
63
64        <service
64-->[androidx.room:room-runtime:2.6.1] AndroidManifest.xml:24:9-28:63
65            android:name="androidx.room.MultiInstanceInvalidationService"
65-->[androidx.room:room-runtime:2.6.1] AndroidManifest.xml:25:13-74
66            android:directBootAware="true"
66-->[androidx.room:room-runtime:2.6.1] AndroidManifest.xml:26:13-43
67            android:exported="false" />
67-->[androidx.room:room-runtime:2.6.1] AndroidManifest.xml:27:13-37
68
69        <receiver
69-->[androidx.profileinstaller:profileinstaller:1.3.0] AndroidManifest.xml:34:9-52:20
70            android:name="androidx.profileinstaller.ProfileInstallReceiver"
70-->[androidx.profileinstaller:profileinstaller:1.3.0] AndroidManifest.xml:35:13-76
71            android:directBootAware="false"
71-->[androidx.profileinstaller:profileinstaller:1.3.0] AndroidManifest.xml:36:13-44
72            android:enabled="true"
72-->[androidx.profileinstaller:profileinstaller:1.3.0] AndroidManifest.xml:37:13-35
73            android:exported="true"
73-->[androidx.profileinstaller:profileinstaller:1.3.0] AndroidManifest.xml:38:13-36
74            android:permission="android.permission.DUMP" >
74-->[androidx.profileinstaller:profileinstaller:1.3.0] AndroidManifest.xml:39:13-57
75            <intent-filter>
75-->[androidx.profileinstaller:profileinstaller:1.3.0] AndroidManifest.xml:40:13-42:29
76                <action android:name="androidx.profileinstaller.action.INSTALL_PROFILE" />
76-->[androidx.profileinstaller:profileinstaller:1.3.0] AndroidManifest.xml:41:17-91
76-->[androidx.profileinstaller:profileinstaller:1.3.0] AndroidManifest.xml:41:25-88
77            </intent-filter>
78            <intent-filter>
78-->[androidx.profileinstaller:profileinstaller:1.3.0] AndroidManifest.xml:43:13-45:29
79                <action android:name="androidx.profileinstaller.action.SKIP_FILE" />
79-->[androidx.profileinstaller:profileinstaller:1.3.0] AndroidManifest.xml:44:17-85
79-->[androidx.profileinstaller:profileinstaller:1.3.0] AndroidManifest.xml:44:25-82
80            </intent-filter>
81            <intent-filter>
81-->[androidx.profileinstaller:profileinstaller:1.3.0] AndroidManifest.xml:46:13-48:29
82                <action android:name="androidx.profileinstaller.action.SAVE_PROFILE" />
82-->[androidx.profileinstaller:profileinstaller:1.3.0] AndroidManifest.xml:47:17-88
82-->[androidx.profileinstaller:profileinstaller:1.3.0] AndroidManifest.xml:47:25-85
83            </intent-filter>
84            <intent-filter>
84-->[androidx.profileinstaller:profileinstaller:1.3.0] AndroidManifest.xml:49:13-51:29
85                <action android:name="androidx.profileinstaller.action.BENCHMARK_OPERATION" />
85-->[androidx.profileinstaller:profileinstaller:1.3.0] AndroidManifest.xml:50:17-95
85-->[androidx.profileinstaller:profileinstaller:1.3.0] AndroidManifest.xml:50:25-92
86            </intent-filter>
87        </receiver>
88    </application>
89
90</manifest>